0 info it worked if it ends with ok
1 verbose cli [ 'C:\\Program Files\\nodejs\\node.exe',
1 verbose cli   'C:\\Program Files\\nodejs\\node_modules\\npm\\bin\\npm-cli.js',
1 verbose cli   'run',
1 verbose cli   'test' ]
2 info using npm@3.3.12
3 info using node@v5.4.1
4 verbose run-script [ 'pretest', 'test', 'posttest' ]
5 info lifecycle imloader@1.0.0~pretest: imloader@1.0.0
6 silly lifecycle imloader@1.0.0~pretest: no script for pretest, continuing
7 info lifecycle imloader@1.0.0~test: imloader@1.0.0
8 verbose lifecycle imloader@1.0.0~test: unsafe-perm in lifecycle true
9 verbose lifecycle imloader@1.0.0~test: PATH: C:\Users\Yiran_Qiao\AppData\Roaming\nvm\v5.4.1\node_modules\npm\bin\node-gyp-bin;C:\app\individualProject\imLoader\node_modules\.bin;C:\Users\Yiran_Qiao\bin;C:\Program Files\Git\mingw64\bin;C:\Program Files\Git\usr\local\bin;C:\Program Files\Git\usr\bin;C:\Program Files\Git\usr\bin;C:\Program Files\Git\mingw64\bin;C:\Program Files\Git\usr\bin;C:\Users\Yiran_Qiao\bin;C:\Program Files\Java\jdk1.8.0_77\bin;C:\Program Files\Java\jdk1.8.0_77\jre\bin;C:\ProgramData\Oracle\Java\javapath;C:\WINDOWS\system32;C:\WINDOWS;C:\WINDOWS\System32\Wbem;C:\WINDOWS\System32\WindowsPowerShell\v1.0;C:\WINDOWS\idmu\common;C:\Program Files\TortoiseSVN\bin;C:\Program Files (x86)\Skype\Phone;C:\Users\Yiran_Qiao\AppData\Roaming\npm;C:\Program Files\Git\usr\bin;C:\Users\Yiran_Qiao\AppData\Roaming\nvm;C:\Program Files\nodejs;C:\Program Files (x86)\Heroku\bin;C:\Program Files (x86)\git\cmd;C:\Ruby22\bin;C:\Users\Yiran_Qiao\AppData\Roaming\npm;C:\Program Files\Git\usr\bin;C:\Users\Yiran_Qiao\AppData\Roaming\nvm;C:\Program Files\nodejs;C:\Users\Yiran_Qiao\AppData\Local\.meteor;C:\Program Files\Git\usr\bin\vendor_perl;C:\Program Files\Git\usr\bin\core_perl
10 verbose lifecycle imloader@1.0.0~test: CWD: C:\app\individualProject\imLoader
11 silly lifecycle imloader@1.0.0~test: Args: [ '/d /s /c', 'jasmine init && babel-node spec/run.js' ]
12 silly lifecycle imloader@1.0.0~test: Returned: code: 1  signal: null
13 info lifecycle imloader@1.0.0~test: Failed to exec test script
14 verbose stack Error: imloader@1.0.0 test: `jasmine init && babel-node spec/run.js`
14 verbose stack Exit status 1
14 verbose stack     at EventEmitter.<anonymous> (C:\Users\Yiran_Qiao\AppData\Roaming\nvm\v5.4.1\node_modules\npm\lib\utils\lifecycle.js:232:16)
14 verbose stack     at emitTwo (events.js:87:13)
14 verbose stack     at EventEmitter.emit (events.js:172:7)
14 verbose stack     at ChildProcess.<anonymous> (C:\Users\Yiran_Qiao\AppData\Roaming\nvm\v5.4.1\node_modules\npm\lib\utils\spawn.js:24:14)
14 verbose stack     at emitTwo (events.js:87:13)
14 verbose stack     at ChildProcess.emit (events.js:172:7)
14 verbose stack     at maybeClose (internal/child_process.js:821:16)
14 verbose stack     at Process.ChildProcess._handle.onexit (internal/child_process.js:211:5)
15 verbose pkgid imloader@1.0.0
16 verbose cwd C:\app\individualProject\imLoader
17 error Windows_NT 6.3.9600
18 error argv "C:\\Program Files\\nodejs\\node.exe" "C:\\Program Files\\nodejs\\node_modules\\npm\\bin\\npm-cli.js" "run" "test"
19 error node v5.4.1
20 error npm  v3.3.12
21 error code ELIFECYCLE
22 error imloader@1.0.0 test: `jasmine init && babel-node spec/run.js`
22 error Exit status 1
23 error Failed at the imloader@1.0.0 test script 'jasmine init && babel-node spec/run.js'.
23 error Make sure you have the latest version of node.js and npm installed.
23 error If you do, this is most likely a problem with the imloader package,
23 error not with npm itself.
23 error Tell the author that this fails on your system:
23 error     jasmine init && babel-node spec/run.js
23 error You can get their info via:
23 error     npm owner ls imloader
23 error There is likely additional logging output above.
24 verbose exit [ 1, true ]
